<?xml version="1.0" encoding="UTF-8"?>
<!-- Generated by org.testng.reporters.JUnitReportReporter -->
<testsuite name="com.course.cases.GetUserInfoTest" tests="1" time="0.000" ignored="0" failures="0" timestamp="14 九月 2018 09:48:03 GMT" skipped="1" hostname="DESKTOP-PFEPVS1" errors="0">
  <testcase name="getUserInfo" time="0.000" classname="com.course.cases.GetUserInfoTest">
    <skipped/>
  </testcase> <!-- getUserInfo -->
</testsuite> <!-- com.course.cases.GetUserInfoTest -->
