<?xml version="1.0" encoding="UTF-8"?>
<!-- Generated by org.testng.reporters.JUnitReportReporter -->
<testsuite name="com.course.cases.AddUserTest" tests="1" time="0.002" ignored="0" failures="0" timestamp="14 九月 2018 09:48:03 GMT" skipped="1" hostname="DESKTOP-PFEPVS1" errors="0">
  <testcase name="addUser" time="0.002" classname="com.course.cases.AddUserTest">
    <skipped/>
  </testcase> <!-- addUser -->
</testsuite> <!-- com.course.cases.AddUserTest -->
