<?xml version="1.0" encoding="UTF-8" ?>
<testsuite tests="7" failures="2" name="TestSuite" time="7.006" errors="0" skipped="5">
  <properties>
    <property name="java.runtime.name" value="Java(TM) SE Runtime Environment"/>
    <property name="sun.boot.library.path" value="C:\Program Files\Java\jdk1.8.0_131\jre\bin"/>
    <property name="java.vm.version" value="25.131-b11"/>
    <property name="java.vm.vendor" value="Oracle Corporation"/>
    <property name="java.vendor.url" value="http://java.oracle.com/"/>
    <property name="path.separator" value=";"/>
    <property name="java.vm.name" value="Java HotSpot(TM) 64-Bit Server VM"/>
    <property name="file.encoding.pkg" value="sun.io"/>
    <property name="user.script" value=""/>
    <property name="user.country" value="CN"/>
    <property name="sun.java.launcher" value="SUN_STANDARD"/>
    <property name="sun.os.patch.level" value=""/>
    <property name="java.vm.specification.name" value="Java Virtual Machine Specification"/>
    <property name="user.dir" value="C:\Users\wjs\.ssh\workspace\muke\autoTest\chapter12"/>
    <property name="java.runtime.version" value="1.8.0_131-b11"/>
    <property name="java.awt.graphicsenv" value="sun.awt.Win32GraphicsEnvironment"/>
    <property name="basedir" value="C:\Users\wjs\.ssh\workspace\muke\autoTest\chapter12"/>
    <property name="java.endorsed.dirs" value="C:\Program Files\Java\jdk1.8.0_131\jre\lib\endorsed"/>
    <property name="os.arch" value="amd64"/>
    <property name="surefire.real.class.path" value="C:\Users\wjs\.ssh\workspace\muke\autoTest\chapter12\target\surefire\surefirebooter7600026095317670835.jar"/>
    <property name="java.io.tmpdir" value="C:\Users\wjs\AppData\Local\Temp\"/>
    <property name="line.separator" value="
"/>
    <property name="java.vm.specification.vendor" value="Oracle Corporation"/>
    <property name="user.variant" value=""/>
    <property name="os.name" value="Windows 10"/>
    <property name="sun.jnu.encoding" value="GBK"/>
    <property name="java.library.path" value="C:\Program Files\Java\jdk1.8.0_131\jre\bin;C:\WINDOWS\Sun\Java\bin;C:\WINDOWS\system32;C:\WINDOWS;C:\Program Files\Git\mingw64\bin;C:\Program Files\Git\usr\bin;C:\Users\wjs\bin;C:\ProgramData\Oracle\Java\javapath;C:\WINDOWS\system32;C:\WINDOWS;C:\WINDOWS\System32\Wbem;C:\WINDOWS\System32\WindowsPowerShell\v1.0;C:\Program Files\TortoiseSVN\bin;C:\Python27;C:\Python27\Scripts;C:\SWSetup\firefox;C:\Program Files\MySQL\MySQL Server 5.5\bin;C:\Program Files\Git\cmd;D:\Program Files\Andriod_SDK\build-tools\27.0.1;D:\Program Files\Andriod_SDK\platform-tools;D:\Program Files\Andriod_SDK\tools;C:\Users\wjs\nodejs;C:\Python35;C:\Python35\Scripts;C:\Program Files (x86)\Microsoft.NET Framework 2.0 SDK;C:\Program Files (x86)\Microsoft SQL Server\90\Tools\binn;C:\Users\wjs\AppData\Roaming\npm;C:\Program Files\dotnet;C:\Program Files\Microsoft SQL Server\130\Tools\Binn;C:\WINDOWS\System32\OpenSSH;D:\install\maven\apache-maven-3.5.4\bin;C:\Python35\Scripts;C:\Python35;C:\Program Files\Java\jdk1.8.0_131\bin;C:\Program Files\Java\jdk1.8.0_131\jre\bin;C:\SWSetup\Fiddler;C:\Users\wjs\AppData\Local\Microsoft\WindowsApps;C:\Users\wjs\AppData\Roaming\npm;C:\Program Files\JetBrains\IntelliJ IDEA Community Edition 2018.1.5\plugins\maven\lib\maven3;."/>
    <property name="surefire.test.class.path" value="C:\Users\wjs\.ssh\workspace\muke\autoTest\chapter12\target\test-classes;C:\Users\wjs\.ssh\workspace\muke\autoTest\chapter12\target\classes;D:\Program Files\maven\LocalWarehouse\org\apache\httpcomponents\httpclient\4.1.2\httpclient-4.1.2.jar;D:\Program Files\maven\LocalWarehouse\org\apache\httpcomponents\httpcore\4.4.6\httpcore-4.4.6.jar;D:\Program Files\maven\LocalWarehouse\commons-codec\commons-codec\1.10\commons-codec-1.10.jar;D:\Program Files\maven\LocalWarehouse\org\json\json\20170516\json-20170516.jar;D:\Program Files\maven\LocalWarehouse\org\mybatis\mybatis\3.4.4\mybatis-3.4.4.jar;D:\Program Files\maven\LocalWarehouse\mysql\mysql-connector-java\5.1.6\mysql-connector-java-5.1.6.jar;D:\Program Files\maven\LocalWarehouse\org\projectlombok\lombok\1.16.14\lombok-1.16.14.jar;D:\Program Files\maven\LocalWarehouse\com\relevantcodes\extentreports\2.41.1\extentreports-2.41.1.jar;D:\Program Files\maven\LocalWarehouse\org\jsoup\jsoup\1.8.3\jsoup-1.8.3.jar;D:\Program Files\maven\LocalWarehouse\org\xerial\sqlite-jdbc\3.15.1\sqlite-jdbc-3.15.1.jar;D:\Program Files\maven\LocalWarehouse\org\freemarker\freemarker\2.3.26-incubating\freemarker-2.3.26-incubating.jar;D:\Program Files\maven\LocalWarehouse\org\mongodb\mongodb-driver\3.4.2\mongodb-driver-3.4.2.jar;D:\Program Files\maven\LocalWarehouse\org\mongodb\bson\3.4.2\bson-3.4.2.jar;D:\Program Files\maven\LocalWarehouse\org\mongodb\mongodb-driver-core\3.4.2\mongodb-driver-core-3.4.2.jar;D:\Program Files\maven\LocalWarehouse\com\vimalselvam\testng-extentsreport\1.3.1\testng-extentsreport-1.3.1.jar;D:\Program Files\maven\LocalWarehouse\com\google\guava\guava\20.0\guava-20.0.jar;D:\Program Files\maven\LocalWarehouse\com\aventstack\extentreports\3.0.6\extentreports-3.0.6.jar;D:\Program Files\maven\LocalWarehouse\org\apache\httpcomponents\httpmime\4.5.3\httpmime-4.5.3.jar;D:\Program Files\maven\LocalWarehouse\org\testng\testng\6.10\testng-6.10.jar;D:\Program Files\maven\LocalWarehouse\com\beust\jcommander\1.48\jcommander-1.48.jar;D:\Program Files\maven\LocalWarehouse\commons-logging\commons-logging\1.2\commons-logging-1.2.jar;"/>
    <property name="java.specification.name" value="Java Platform API Specification"/>
    <property name="java.class.version" value="52.0"/>
    <property name="sun.management.compiler" value="HotSpot 64-Bit Tiered Compilers"/>
    <property name="os.version" value="10.0"/>
    <property name="user.home" value="C:\Users\wjs"/>
    <property name="user.timezone" value="Asia/Shanghai"/>
    <property name="java.awt.printerjob" value="sun.awt.windows.WPrinterJob"/>
    <property name="java.specification.version" value="1.8"/>
    <property name="file.encoding" value="GBK"/>
    <property name="user.name" value="wjs"/>
    <property name="java.class.path" value="C:\Users\wjs\.ssh\workspace\muke\autoTest\chapter12\target\test-classes;C:\Users\wjs\.ssh\workspace\muke\autoTest\chapter12\target\classes;D:\Program Files\maven\LocalWarehouse\org\apache\httpcomponents\httpclient\4.1.2\httpclient-4.1.2.jar;D:\Program Files\maven\LocalWarehouse\org\apache\httpcomponents\httpcore\4.4.6\httpcore-4.4.6.jar;D:\Program Files\maven\LocalWarehouse\commons-codec\commons-codec\1.10\commons-codec-1.10.jar;D:\Program Files\maven\LocalWarehouse\org\json\json\20170516\json-20170516.jar;D:\Program Files\maven\LocalWarehouse\org\mybatis\mybatis\3.4.4\mybatis-3.4.4.jar;D:\Program Files\maven\LocalWarehouse\mysql\mysql-connector-java\5.1.6\mysql-connector-java-5.1.6.jar;D:\Program Files\maven\LocalWarehouse\org\projectlombok\lombok\1.16.14\lombok-1.16.14.jar;D:\Program Files\maven\LocalWarehouse\com\relevantcodes\extentreports\2.41.1\extentreports-2.41.1.jar;D:\Program Files\maven\LocalWarehouse\org\jsoup\jsoup\1.8.3\jsoup-1.8.3.jar;D:\Program Files\maven\LocalWarehouse\org\xerial\sqlite-jdbc\3.15.1\sqlite-jdbc-3.15.1.jar;D:\Program Files\maven\LocalWarehouse\org\freemarker\freemarker\2.3.26-incubating\freemarker-2.3.26-incubating.jar;D:\Program Files\maven\LocalWarehouse\org\mongodb\mongodb-driver\3.4.2\mongodb-driver-3.4.2.jar;D:\Program Files\maven\LocalWarehouse\org\mongodb\bson\3.4.2\bson-3.4.2.jar;D:\Program Files\maven\LocalWarehouse\org\mongodb\mongodb-driver-core\3.4.2\mongodb-driver-core-3.4.2.jar;D:\Program Files\maven\LocalWarehouse\com\vimalselvam\testng-extentsreport\1.3.1\testng-extentsreport-1.3.1.jar;D:\Program Files\maven\LocalWarehouse\com\google\guava\guava\20.0\guava-20.0.jar;D:\Program Files\maven\LocalWarehouse\com\aventstack\extentreports\3.0.6\extentreports-3.0.6.jar;D:\Program Files\maven\LocalWarehouse\org\apache\httpcomponents\httpmime\4.5.3\httpmime-4.5.3.jar;D:\Program Files\maven\LocalWarehouse\org\testng\testng\6.10\testng-6.10.jar;D:\Program Files\maven\LocalWarehouse\com\beust\jcommander\1.48\jcommander-1.48.jar;D:\Program Files\maven\LocalWarehouse\commons-logging\commons-logging\1.2\commons-logging-1.2.jar;"/>
    <property name="java.vm.specification.version" value="1.8"/>
    <property name="sun.arch.data.model" value="64"/>
    <property name="java.home" value="C:\Program Files\Java\jdk1.8.0_131\jre"/>
    <property name="sun.java.command" value="C:\Users\wjs\.ssh\workspace\muke\autoTest\chapter12\target\surefire\surefirebooter7600026095317670835.jar C:\Users\wjs\.ssh\workspace\muke\autoTest\chapter12\target\surefire\surefire7330263603528208109tmp C:\Users\wjs\.ssh\workspace\muke\autoTest\chapter12\target\surefire\surefire3461328980407118799tmp"/>
    <property name="java.specification.vendor" value="Oracle Corporation"/>
    <property name="user.language" value="zh"/>
    <property name="awt.toolkit" value="sun.awt.windows.WToolkit"/>
    <property name="java.vm.info" value="mixed mode"/>
    <property name="java.version" value="1.8.0_131"/>
    <property name="java.ext.dirs" value="C:\Program Files\Java\jdk1.8.0_131\jre\lib\ext;C:\WINDOWS\Sun\Java\lib\ext"/>
    <property name="sun.boot.class.path" value="C:\Program Files\Java\jdk1.8.0_131\jre\lib\resources.jar;C:\Program Files\Java\jdk1.8.0_131\jre\lib\rt.jar;C:\Program Files\Java\jdk1.8.0_131\jre\lib\sunrsasign.jar;C:\Program Files\Java\jdk1.8.0_131\jre\lib\jsse.jar;C:\Program Files\Java\jdk1.8.0_131\jre\lib\jce.jar;C:\Program Files\Java\jdk1.8.0_131\jre\lib\charsets.jar;C:\Program Files\Java\jdk1.8.0_131\jre\lib\jfr.jar;C:\Program Files\Java\jdk1.8.0_131\jre\classes"/>
    <property name="java.vendor" value="Oracle Corporation"/>
    <property name="localRepository" value="D:\Program Files\maven\LocalWarehouse"/>
    <property name="file.separator" value="\"/>
    <property name="java.vendor.url.bug" value="http://bugreport.sun.com/bugreport/"/>
    <property name="sun.cpu.endian" value="little"/>
    <property name="sun.io.unicode.encoding" value="UnicodeLittle"/>
    <property name="sun.desktop" value="windows"/>
    <property name="sun.cpu.isalist" value="amd64"/>
  </properties>
  <testcase classname="com.course.cases.LoginTest" name="loginTrue" time="3.249">
    <failure message="Connection to http://localhost:9898 refused" type="org.apache.http.conn.HttpHostConnectException">org.apache.http.conn.HttpHostConnectException: Connection to http://localhost:9898 refused
	at org.apache.http.impl.conn.DefaultClientConnectionOperator.openConnection(DefaultClientConnectionOperator.java:158)
	at org.apache.http.impl.conn.AbstractPoolEntry.open(AbstractPoolEntry.java:149)
	at org.apache.http.impl.conn.AbstractPooledConnAdapter.open(AbstractPooledConnAdapter.java:121)
	at org.apache.http.impl.client.DefaultRequestDirector.tryConnect(DefaultRequestDirector.java:573)
	at org.apache.http.impl.client.DefaultRequestDirector.execute(DefaultRequestDirector.java:425)
	at org.apache.http.impl.client.AbstractHttpClient.execute(AbstractHttpClient.java:820)
	at org.apache.http.impl.client.AbstractHttpClient.execute(AbstractHttpClient.java:754)
	at org.apache.http.impl.client.AbstractHttpClient.execute(AbstractHttpClient.java:732)
	at com.course.cases.LoginTest.getResult(LoginTest.java:78)
	at com.course.cases.LoginTest.loginTrue(LoginTest.java:40)
Caused by: java.net.ConnectException: Connection refused: connect
	at java.net.DualStackPlainSocketImpl.connect0(Native Method)
	at java.net.DualStackPlainSocketImpl.socketConnect(DualStackPlainSocketImpl.java:79)
	at java.net.AbstractPlainSocketImpl.doConnect(AbstractPlainSocketImpl.java:350)
	at java.net.AbstractPlainSocketImpl.connectToAddress(AbstractPlainSocketImpl.java:206)
	at java.net.AbstractPlainSocketImpl.connect(AbstractPlainSocketImpl.java:188)
	at java.net.PlainSocketImpl.connect(PlainSocketImpl.java:172)
	at java.net.SocksSocketImpl.connect(SocksSocketImpl.java:392)
	at java.net.Socket.connect(Socket.java:589)
	at org.apache.http.conn.scheme.PlainSocketFactory.connectSocket(PlainSocketFactory.java:123)
	at org.apache.http.impl.conn.DefaultClientConnectionOperator.openConnection(DefaultClientConnectionOperator.java:148)
	... 43 more
</failure>
    <system-out>@HL
@HL-------------------------------------------------------
@HL T E S T S
@HL-------------------------------------------------------
@SLRunning TestSuite
[TestNGContentHandler] [WARN] It is strongly recommended to add &quot;&lt;!DOCTYPE suite SYSTEM &quot;http://testng.org/testng-1.0.dtd&quot; &gt;&quot; at the top of your file, otherwise TestNG may fail or not work as expected.
LoginCase(id=1, userName=zhangsan, password=123456, expected=true)
http://localhost:9898/v1/login
</system-out>
  </testcase>
  <testcase classname="com.course.cases.LoginTest" name="loginFalse" time="2.052">
    <failure message="Connection to http://localhost:9898 refused" type="org.apache.http.conn.HttpHostConnectException">org.apache.http.conn.HttpHostConnectException: Connection to http://localhost:9898 refused
	at org.apache.http.impl.conn.DefaultClientConnectionOperator.openConnection(DefaultClientConnectionOperator.java:158)
	at org.apache.http.impl.conn.AbstractPoolEntry.open(AbstractPoolEntry.java:149)
	at org.apache.http.impl.conn.AbstractPooledConnAdapter.open(AbstractPooledConnAdapter.java:121)
	at org.apache.http.impl.client.DefaultRequestDirector.tryConnect(DefaultRequestDirector.java:573)
	at org.apache.http.impl.client.DefaultRequestDirector.execute(DefaultRequestDirector.java:425)
	at org.apache.http.impl.client.AbstractHttpClient.execute(AbstractHttpClient.java:820)
	at org.apache.http.impl.client.AbstractHttpClient.execute(AbstractHttpClient.java:754)
	at org.apache.http.impl.client.AbstractHttpClient.execute(AbstractHttpClient.java:732)
	at com.course.cases.LoginTest.getResult(LoginTest.java:78)
	at com.course.cases.LoginTest.loginFalse(LoginTest.java:56)
Caused by: java.net.ConnectException: Connection refused: connect
	at java.net.DualStackPlainSocketImpl.connect0(Native Method)
	at java.net.DualStackPlainSocketImpl.socketConnect(DualStackPlainSocketImpl.java:79)
	at java.net.AbstractPlainSocketImpl.doConnect(AbstractPlainSocketImpl.java:350)
	at java.net.AbstractPlainSocketImpl.connectToAddress(AbstractPlainSocketImpl.java:206)
	at java.net.AbstractPlainSocketImpl.connect(AbstractPlainSocketImpl.java:188)
	at java.net.PlainSocketImpl.connect(PlainSocketImpl.java:172)
	at java.net.SocksSocketImpl.connect(SocksSocketImpl.java:392)
	at java.net.Socket.connect(Socket.java:589)
	at org.apache.http.conn.scheme.PlainSocketFactory.connectSocket(PlainSocketFactory.java:123)
	at org.apache.http.impl.conn.DefaultClientConnectionOperator.openConnection(DefaultClientConnectionOperator.java:148)
	... 43 more
</failure>
    <system-out>LoginCase(id=2, userName=zhangsanerror, password=123, expected=false)
http://localhost:9898/v1/login
</system-out>
  </testcase>
  <testcase classname="com.course.cases.AddUserTest" name="addUser" time="2.056">
    <skipped/>
  </testcase>
  <testcase classname="com.course.cases.GetUserInfoTest" name="getUserInfo" time="2.057">
    <skipped/>
  </testcase>
  <testcase classname="com.course.cases.UpdateUserInfoTest" name="updateUserInfo" time="2.057">
    <skipped/>
  </testcase>
  <testcase classname="com.course.cases.UpdateUserInfoTest" name="deleteUser" time="2.057">
    <skipped/>
  </testcase>
  <testcase classname="com.course.cases.GetUserInfoListTest" name="getUserListInfo" time="2.057">
    <skipped/>
  </testcase>
</testsuite>